<?xml version="1.0" encoding="UTF-8"?>
<testsuite xmlns:xsi="http://www.w3.org/2001/XMLSchema-instance" xsi:noNamespaceSchemaLocation="https://maven.apache.org/surefire/maven-surefire-plugin/xsd/surefire-test-report-3.0.xsd" version="3.0" name="service.PizzaServiceTest" time="1.602" tests="2" errors="0" skipped="0" failures="2">
    <properties>
[...]
</properties>
    <testcase name="testGetFullMenu" classname="service.PizzaServiceTest" time="0.8">
        <failure message="expected: &lt;null&gt; but was: &lt;[Pizza{pizzaId=1, name=&apos;Margherita&apos;, description=&apos;Classic cheese and tomato sauce&apos;, smallPrice=10.00, mediumPrice=12.00, largePrice=14.00, extraLargePrice=16.00}, Pizza{pizzaId=2, name=&apos;Pepperoni&apos;, description=&apos;Cheese, tomato sauce, pepperoni&apos;, smallPrice=11.00, mediumPrice=13.00, largePrice=15.00, extraLargePrice=17.00}, Pizza{pizzaId=3, name=&apos;BBQ Chicken&apos;, description=&apos;BBQ sauce, grilled chicken, cheese&apos;, smallPrice=12.00, mediumPrice=14.00, largePrice=16.00, extraLargePrice=18.00}, Pizza{pizzaId=5, name=&apos;Veggie Delight&apos;, description=&apos;Tomato sauce, cheese, bell peppers, onions, mushrooms, olives&apos;, smallPrice=9.00, mediumPrice=11.00, largePrice=13.00, extraLargePrice=15.00}, Pizza{pizzaId=6, name=&apos;Meat Lovers&apos;, description=&apos;Tomato sauce, cheese, pepperoni, sausage, bacon, ham, beef&apos;, smallPrice=13.00, mediumPrice=15.00, largePrice=17.00, extraLargePrice=19.00}, Pizza{pizzaId=24, name=&apos;Hawaiian&apos;, description=&apos;Tomato sauce, cheese, ham, pineapple&apos;, smallPrice=11.00, mediumPrice=13.00, largePrice=15.00, extraLargePrice=17.00}, Pizza{pizzaId=25, name=&apos;Buffalo Chicken&apos;, description=&apos;Buffalo sauce, grilled chicken, cheese&apos;, smallPrice=12.00, mediumPrice=14.00, largePrice=16.00, extraLargePrice=18.00}, Pizza{pizzaId=26, name=&apos;Mushroom Delight&apos;, description=&apos;Tomato sauce, cheese, mushrooms, garlic&apos;, smallPrice=10.00, mediumPrice=12.00, largePrice=14.00, extraLargePrice=16.00}, Pizza{pizzaId=27, name=&apos;Supreme&apos;, description=&apos;Tomato sauce, cheese, pepperoni, sausage, onions, mushrooms, bell peppers&apos;, smallPrice=13.00, mediumPrice=15.00, largePrice=17.00, extraLargePrice=19.00}, Pizza{pizzaId=28, name=&apos;White Pizza&apos;, description=&apos;Olive oil, garlic, ricotta, mozzarella, parmesan&apos;, smallPrice=10.00, mediumPrice=12.00, largePrice=14.00, extraLargePrice=16.00}]&gt;" type="org.opentest4j.AssertionFailedError"><![CDATA[org.opentest4j.AssertionFailedError: expected: <null> but was: <[Pizza{pizzaId=1, name='Margherita', description='Classic cheese and tomato sauce', smallPrice=10.00, mediumPrice=12.00, largePrice=14.00, extraLargePrice=16.00}, Pizza{pizzaId=2, name='Pepperoni', description='Cheese, tomato sauce, pepperoni', smallPrice=11.00, mediumPrice=13.00, largePrice=15.00, extraLargePrice=17.00}, Pizza{pizzaId=3, name='BBQ Chicken', description='BBQ sauce, grilled chicken, cheese', smallPrice=12.00, mediumPrice=14.00, largePrice=16.00, extraLargePrice=18.00}, Pizza{pizzaId=5, name='Veggie Delight', description='Tomato sauce, cheese, bell peppers, onions, mushrooms, olives', smallPrice=9.00, mediumPrice=11.00, largePrice=13.00, extraLargePrice=15.00}, Pizza{pizzaId=6, name='Meat Lovers', description='Tomato sauce, cheese, pepperoni, sausage, bacon, ham, beef', smallPrice=13.00, mediumPrice=15.00, largePrice=17.00, extraLargePrice=19.00}, Pizza{pizzaId=24, name='Hawaiian', description='Tomato sauce, cheese, ham, pineapple', smallPrice=11.00, mediumPrice=13.00, largePrice=15.00, extraLargePrice=17.00}, Pizza{pizzaId=25, name='Buffalo Chicken', description='Buffalo sauce, grilled chicken, cheese', smallPrice=12.00, mediumPrice=14.00, largePrice=16.00, extraLargePrice=18.00}, Pizza{pizzaId=26, name='Mushroom Delight', description='Tomato sauce, cheese, mushrooms, garlic', smallPrice=10.00, mediumPrice=12.00, largePrice=14.00, extraLargePrice=16.00}, Pizza{pizzaId=27, name='Supreme', description='Tomato sauce, cheese, pepperoni, sausage, onions, mushrooms, bell peppers', smallPrice=13.00, mediumPrice=15.00, largePrice=17.00, extraLargePrice=19.00}, Pizza{pizzaId=28, name='White Pizza', description='Olive oil, garlic, ricotta, mozzarella, parmesan', smallPrice=10.00, mediumPrice=12.00, largePrice=14.00, extraLargePrice=16.00}]>
	at org.junit.jupiter.api.AssertionFailureBuilder.build(AssertionFailureBuilder.java:151)
	at org.junit.jupiter.api.AssertionFailureBuilder.buildAndThrow(AssertionFailureBuilder.java:132)
	at org.junit.jupiter.api.AssertEquals.failNotEqual(AssertEquals.java:197)
	at org.junit.jupiter.api.AssertEquals.assertEquals(AssertEquals.java:182)
	at org.junit.jupiter.api.AssertEquals.assertEquals(AssertEquals.java:177)
	at org.junit.jupiter.api.Assertions.assertEquals(Assertions.java:1145)
	at service.PizzaServiceTest.testGetFullMenu(PizzaServiceTest.java:50)
	at java.base/java.lang.reflect.Method.invoke(Method.java:580)
	at java.base/java.util.ArrayList.forEach(ArrayList.java:1597)
	at java.base/java.util.ArrayList.forEach(ArrayList.java:1597)
]]></failure>
        <system-out><![CDATA[getFullMenu
]]></system-out>
    </testcase>
    <testcase name="testGetPizzaNames" classname="service.PizzaServiceTest" time="0.796">
        <failure message="expected: &lt;null&gt; but was: &lt;[Margherita, Pepperoni, BBQ Chicken, Veggie Delight, Meat Lovers, Hawaiian, Buffalo Chicken, Mushroom Delight, Supreme, White Pizza]&gt;" type="org.opentest4j.AssertionFailedError"><![CDATA[org.opentest4j.AssertionFailedError: expected: <null> but was: <[Margherita, Pepperoni, BBQ Chicken, Veggie Delight, Meat Lovers, Hawaiian, Buffalo Chicken, Mushroom Delight, Supreme, White Pizza]>
	at org.junit.jupiter.api.AssertionFailureBuilder.build(AssertionFailureBuilder.java:151)
	at org.junit.jupiter.api.AssertionFailureBuilder.buildAndThrow(AssertionFailureBuilder.java:132)
	at org.junit.jupiter.api.AssertEquals.failNotEqual(AssertEquals.java:197)
	at org.junit.jupiter.api.AssertEquals.assertEquals(AssertEquals.java:182)
	at org.junit.jupiter.api.AssertEquals.assertEquals(AssertEquals.java:177)
	at org.junit.jupiter.api.Assertions.assertEquals(Assertions.java:1145)
	at service.PizzaServiceTest.testGetPizzaNames(PizzaServiceTest.java:64)
	at java.base/java.lang.reflect.Method.invoke(Method.java:580)
	at java.base/java.util.ArrayList.forEach(ArrayList.java:1597)
	at java.base/java.util.ArrayList.forEach(ArrayList.java:1597)
]]></failure>
        <system-out><![CDATA[getPizzaNames
]]></system-out>
    </testcase>
</testsuite>