<?xml version="1.0" encoding="UTF-8"?>
<testsuite xmlns:xsi="http://www.w3.org/2001/XMLSchema-instance" xsi:noNamespaceSchemaLocation="https://maven.apache.org/surefire/maven-surefire-plugin/xsd/surefire-test-report-3.0.xsd" version="3.0" name="service.OrderServiceTest" time="1.027" tests="2" errors="1" skipped="0" failures="1">
    <properties>
[...]
</properties>
    <testcase name="testPlaceOrder" classname="service.OrderServiceTest" time="0.004">
        <error message="Cannot invoke &quot;model.Customer.getPhone()&quot; because &quot;customer&quot; is null" type="java.lang.NullPointerException"><![CDATA[java.lang.NullPointerException: Cannot invoke "model.Customer.getPhone()" because "customer" is null
	at service.OrderService.placeOrder(OrderService.java:41)
	at service.OrderServiceTest.testPlaceOrder(OrderServiceTest.java:55)
	at java.base/java.lang.reflect.Method.invoke(Method.java:580)
	at java.base/java.util.ArrayList.forEach(ArrayList.java:1597)
	at java.base/java.util.ArrayList.forEach(ArrayList.java:1597)
]]></error>
        <system-out><![CDATA[placeOrder
]]></system-out>
    </testcase>
    <testcase name="testGetOrderDetails" classname="service.OrderServiceTest" time="1.02">
        <failure message="The test case is a prototype." type="org.opentest4j.AssertionFailedError"><![CDATA[org.opentest4j.AssertionFailedError: The test case is a prototype.
	at org.junit.jupiter.api.AssertionUtils.fail(AssertionUtils.java:38)
	at org.junit.jupiter.api.Assertions.fail(Assertions.java:138)
	at service.OrderServiceTest.testGetOrderDetails(OrderServiceTest.java:73)
	at java.base/java.lang.reflect.Method.invoke(Method.java:580)
	at java.base/java.util.ArrayList.forEach(ArrayList.java:1597)
	at java.base/java.util.ArrayList.forEach(ArrayList.java:1597)
]]></failure>
        <system-out><![CDATA[getOrderDetails
]]></system-out>
    </testcase>
</testsuite>